<?xml version="1.0" encoding="UTF-8"?>
<!-- Generated by org.testng.reporters.JUnitReportReporter -->
<testsuite hostname="Satyam-Laptop" failures="0" tests="1" name="Runner.TestRunner" time="3.721" errors="0" timestamp="2024-10-21T02:06:11 IST" skipped="0">
  <testcase classname="Runner.TestRunner" name="runScenario" time="3.721"/>
  <system-out/>
</testsuite> <!-- Runner.TestRunner -->
